\BOOKMARK [1][-]{section.1}{\376\377\004\022\004\062\004\065\004\064\004\065\004\075\004\070\004\065}{}% 1
\BOOKMARK [1][-]{section.2}{\376\377\004\037\004\076\004\101\004\102\004\060\004\075\004\076\004\062\004\072\004\060\000\040\004\067\004\060\004\064\004\060\004\107\004\070}{}% 2
\BOOKMARK [2][-]{subsection.2.1}{\376\377\004\044\004\076\004\100\004\074\004\060\004\073\004\114\004\075\004\060\004\117\000\040\004\077\004\076\004\101\004\102\004\060\004\075\004\076\004\062\004\072\004\060\000\040\004\067\004\060\004\064\004\060\004\107\004\070}{section.2}% 3
\BOOKMARK [2][-]{subsection.2.2}{\376\377\004\037\004\076\004\072\004\060\004\067\004\060\004\102\004\065\004\073\004\070\000\040\004\076\004\106\004\065\004\075\004\072\004\070\000\040\004\072\004\060\004\107\004\065\004\101\004\102\004\062\004\060}{section.2}% 4
\BOOKMARK [1][-]{section.3}{\376\377\004\036\004\061\004\067\004\076\004\100\000\040\004\101\004\103\004\111\004\065\004\101\004\102\004\062\004\103\004\116\004\111\004\070\004\105\000\040\004\074\004\065\004\102\004\076\004\064\004\076\004\062}{}% 5
\BOOKMARK [2][-]{subsection.3.1}{\376\377\004\034\004\065\004\102\004\076\004\064\004\113\000\040\004\076\004\061\004\103\004\107\004\065\004\075\004\070\004\117\000\040\004\061\004\065\004\067\000\040\004\103\004\107\004\070\004\102\004\065\004\073\004\117}{section.3}% 6
\BOOKMARK [3][-]{subsubsection.3.1.1}{\376\377\004\034\004\065\004\102\004\076\004\064\004\113\000,\000\040\004\076\004\101\004\075\004\076\004\062\004\060\004\075\004\075\004\113\004\065\000\040\004\075\004\060\000\040\004\101\004\073\004\076\004\062\004\060\004\100\004\117\004\105}{subsection.3.1}% 7
\BOOKMARK [3][-]{subsubsection.3.1.2}{\376\377\004\034\004\065\004\102\004\076\004\064\004\113\000,\000\040\004\076\004\101\004\075\004\076\004\062\004\060\004\075\004\075\004\113\004\065\000\040\004\075\004\060\000\040\004\077\004\100\004\060\004\062\004\070\004\073\004\060\004\105}{subsection.3.1}% 8
\BOOKMARK [2][-]{subsection.3.2}{\376\377\004\034\004\065\004\102\004\076\004\064\004\113\000\040\004\076\004\061\004\103\004\107\004\065\004\075\004\070\004\117\000\040\004\101\000\040\004\103\004\107\004\070\004\102\004\065\004\073\004\065\004\074}{section.3}% 9
\BOOKMARK [3][-]{subsubsection.3.2.1}{\376\377\004\034\004\076\004\064\004\065\004\073\004\070\000,\000\040\004\076\004\101\004\075\004\076\004\062\004\060\004\075\004\075\004\113\004\065\000\040\004\075\004\060\000\040\004\074\004\060\004\110\004\070\004\075\004\075\004\076\004\074\000\040\004\076\004\061\004\103\004\107\004\065\004\075\004\070\004\070}{subsection.3.2}% 10
\BOOKMARK [3][-]{subsubsection.3.2.2}{\376\377\004\034\004\076\004\064\004\065\004\073\004\070\000,\000\040\004\076\004\101\004\075\004\076\004\062\004\060\004\075\004\075\004\113\004\065\000\040\004\075\004\060\000\040\004\063\004\073\004\103\004\061\004\076\004\072\004\076\004\074\000\040\004\076\004\061\004\103\004\107\004\065\004\075\004\070\004\070}{subsection.3.2}% 11
\BOOKMARK [1][-]{section.4}{\376\377\004\036\004\077\004\070\004\101\004\060\004\075\004\070\004\065\000\040\004\074\004\076\004\064\004\065\004\073\004\070}{}% 12
\BOOKMARK [2][-]{subsection.4.1}{\376\377\004\024\004\076\004\073\004\063\004\060\004\117\000\040\004\072\004\100\004\060\004\102\004\072\004\076\004\101\004\100\004\076\004\107\004\075\004\060\004\117\000\040\004\077\004\060\004\074\004\117\004\102\004\114}{section.4}% 13
\BOOKMARK [2][-]{subsection.4.2}{\376\377\004\043\004\101\004\073\004\076\004\062\004\075\004\113\004\065\000\040\004\101\004\073\004\103\004\107\004\060\004\071\004\075\004\113\004\065\000\040\004\077\004\076\004\073\004\117}{section.4}% 14
\BOOKMARK [2][-]{subsection.4.3}{\376\377\004\034\004\076\004\064\004\065\004\073\004\114\000\040\000G\000M\000N\000e\000t}{section.4}% 15
\BOOKMARK [1][-]{section.5}{\376\377\004\022\004\113\004\107\004\070\004\101\004\073\004\070\004\102\004\065\004\073\004\114\004\075\004\113\004\071\000\040\004\115\004\072\004\101\004\077\004\065\004\100\004\070\004\074\004\065\004\075\004\102}{}% 16
\BOOKMARK [2][-]{subsection.5.1}{\376\377\004\024\004\060\004\075\004\075\004\113\004\065}{section.5}% 17
\BOOKMARK [2][-]{subsection.5.2}{\376\377\004\055\004\072\004\101\004\077\004\065\004\100\004\070\004\074\004\065\004\075\004\102}{section.5}% 18
\BOOKMARK [2][-]{subsection.5.3}{\376\377\004\020\004\075\004\060\004\073\004\070\004\067\000\040\004\100\004\065\004\067\004\103\004\073\004\114\004\102\004\060\004\102\004\076\004\062}{section.5}% 19
\BOOKMARK [1][-]{section.6}{\376\377\004\027\004\060\004\072\004\073\004\116\004\107\004\065\004\075\004\070\004\065}{}% 20
