This is pdfTeX, Version 3.14159265-2.6-1.40.21 (MiKTeX 2.9.7440 64-bit) (preloaded format=pdflatex 2020.6.24)  29 JUN 2020 20:09
entering extended mode
**./Sotnikov2020BcSThesis.tex
(Sotnikov2020BcSThesis.tex
LaTeX2e <2020-02-02> patch level 5
L3 programming layer <2020-06-18>
("C:\Users\Anton Sotnikov\AppData\Local\Programs\MiKTeX 2.9\tex/latex/base\arti
cle.cls"
Document Class: article 2019/12/20 v1.4l Standard LaTeX document class

("C:\Users\Anton Sotnikov\AppData\Local\Programs\MiKTeX 2.9\tex/latex/base\size
12.clo"
File: size12.clo 2019/12/20 v1.4l Standard LaTeX file (size option)
)
\c@part=\count167
\c@section=\count168
\c@subsection=\count169
\c@subsubsection=\count170
\c@paragraph=\count171
\c@subparagraph=\count172
\c@figure=\count173
\c@table=\count174
\abovecaptionskip=\skip47
\belowcaptionskip=\skip48
\bibindent=\dimen134
) (Diplo.sty
("C:\Users\Anton Sotnikov\AppData\Local\Programs\MiKTeX 2.9\tex/latex/base\inpu
tenc.sty"
Package: inputenc 2018/08/11 v1.3c Input encoding file
\inpenc@prehook=\toks15
\inpenc@posthook=\toks16
)
("C:\Users\Anton Sotnikov\AppData\Local\Programs\MiKTeX 2.9\tex/latex/amsfonts\
amssymb.sty"
Package: amssymb 2013/01/14 v3.01 AMS font symbols

("C:\Users\Anton Sotnikov\AppData\Local\Programs\MiKTeX 2.9\tex/latex/amsfonts\
amsfonts.sty"
Package: amsfonts 2013/01/14 v3.01 Basic AMSFonts support
\@emptytoks=\toks17
\symAMSa=\mathgroup4
\symAMSb=\mathgroup5
LaTeX Font Info:    Redeclaring math symbol \hbar on input line 98.
LaTeX Font Info:    Overwriting math alphabet `\mathfrak' in version `bold'
(Font)                  U/euf/m/n --> U/euf/b/n on input line 106.
))
("C:\Users\Anton Sotnikov\AppData\Local\Programs\MiKTeX 2.9\tex/latex/amsmath\a
msmath.sty"
Package: amsmath 2020/01/20 v2.17e AMS math features
\@mathmargin=\skip49

For additional information on amsmath, use the `?' option.

("C:\Users\Anton Sotnikov\AppData\Local\Programs\MiKTeX 2.9\tex/latex/amsmath\a
mstext.sty"
Package: amstext 2000/06/29 v2.01 AMS text

("C:\Users\Anton Sotnikov\AppData\Local\Programs\MiKTeX 2.9\tex/latex/amsmath\a
msgen.sty"
File: amsgen.sty 1999/11/30 v2.0 generic functions
\@emptytoks=\toks18
\ex@=\dimen135
))
("C:\Users\Anton Sotnikov\AppData\Local\Programs\MiKTeX 2.9\tex/latex/amsmath\a
msbsy.sty"
Package: amsbsy 1999/11/29 v1.2d Bold Symbols
\pmbraise@=\dimen136
)
("C:\Users\Anton Sotnikov\AppData\Local\Programs\MiKTeX 2.9\tex/latex/amsmath\a
msopn.sty"
Package: amsopn 2016/03/08 v2.02 operator names
)
\inf@bad=\count175
LaTeX Info: Redefining \frac on input line 227.
\uproot@=\count176
\leftroot@=\count177
LaTeX Info: Redefining \overline on input line 389.
\classnum@=\count178
\DOTSCASE@=\count179
LaTeX Info: Redefining \ldots on input line 486.
LaTeX Info: Redefining \dots on input line 489.
LaTeX Info: Redefining \cdots on input line 610.
\Mathstrutbox@=\box45
\strutbox@=\box46
\big@size=\dimen137
LaTeX Font Info:    Redeclaring font encoding OML on input line 733.
LaTeX Font Info:    Redeclaring font encoding OMS on input line 734.
\macc@depth=\count180
\c@MaxMatrixCols=\count181
\dotsspace@=\muskip16
\c@parentequation=\count182
\dspbrk@lvl=\count183
\tag@help=\toks19
\row@=\count184
\column@=\count185
\maxfields@=\count186
\andhelp@=\toks20
\eqnshift@=\dimen138
\alignsep@=\dimen139
\tagshift@=\dimen140
\tagwidth@=\dimen141
\totwidth@=\dimen142
\lineht@=\dimen143
\@envbody=\toks21
\multlinegap=\skip50
\multlinetaggap=\skip51
\mathdisplay@stack=\toks22
LaTeX Info: Redefining \[ on input line 2859.
LaTeX Info: Redefining \] on input line 2860.
)
("C:\Users\Anton Sotnikov\AppData\Local\Programs\MiKTeX 2.9\tex/generic/babel\b
abel.sty"
Package: babel 2020/06/10 3.45 The Babel package

("C:\Users\Anton Sotnikov\AppData\Local\Programs\MiKTeX 2.9\tex/generic/babel\b
abel.def"
File: babel.def 2020/06/10 3.45 Babel common definitions
\babel@savecnt=\count187
\U@D=\dimen144
\l@babelnohyphens=\language83

("C:\Users\Anton Sotnikov\AppData\Local\Programs\MiKTeX 2.9\tex/generic/babel\t
xtbabel.def")
\bbl@readstream=\read2
)
\bbl@dirlevel=\count188

*************************************
* Local config file bblopts.cfg used
*

("C:\Users\Anton Sotnikov\AppData\Local\Programs\MiKTeX 2.9\tex/latex/arabi\bbl
opts.cfg"
File: bblopts.cfg 2005/09/08 v0.1 add Arabic and Farsi to "declared" options of
 babel
)
("C:\Users\Anton Sotnikov\AppData\Local\Programs\MiKTeX 2.9\tex/latex/babel-rus
sian\russianb.ldf"
Language: russian 2017/08/12 1.3j Russian support for the Babel system


Package babel Warning: No Cyrillic font encoding has been loaded so far.
(babel)                A font encoding should be declared before babel.
(babel)                Default `T2A' encoding will be loaded  on input line 74.



("C:\Users\Anton Sotnikov\AppData\Local\Programs\MiKTeX 2.9\tex/latex/cyrillic\
t2aenc.def"
File: t2aenc.def 2005/09/27 v1.0i Cyrillic encoding definition file
Now handling font encoding T2A ...
... processing UTF-8 mapping file for font encoding T2A

("C:\Users\Anton Sotnikov\AppData\Local\Programs\MiKTeX 2.9\tex/latex/base\t2ae
nc.dfu"
File: t2aenc.dfu 2019/11/14 v1.2k UTF-8 support for inputenc
   defining Unicode char U+00A4 (decimal 164)
   defining Unicode char U+00A7 (decimal 167)
   defining Unicode char U+00AB (decimal 171)
   defining Unicode char U+00BB (decimal 187)
   defining Unicode char U+0131 (decimal 305)
   defining Unicode char U+0237 (decimal 567)
   defining Unicode char U+0400 (decimal 1024)
   defining Unicode char U+0401 (decimal 1025)
   defining Unicode char U+0402 (decimal 1026)
   defining Unicode char U+0403 (decimal 1027)
   defining Unicode char U+0404 (decimal 1028)
   defining Unicode char U+0405 (decimal 1029)
   defining Unicode char U+0406 (decimal 1030)
   defining Unicode char U+0407 (decimal 1031)
   defining Unicode char U+0408 (decimal 1032)
   defining Unicode char U+0409 (decimal 1033)
   defining Unicode char U+040A (decimal 1034)
   defining Unicode char U+040B (decimal 1035)
   defining Unicode char U+040C (decimal 1036)
   defining Unicode char U+040D (decimal 1037)
   defining Unicode char U+040E (decimal 1038)
   defining Unicode char U+040F (decimal 1039)
   defining Unicode char U+0410 (decimal 1040)
   defining Unicode char U+0411 (decimal 1041)
   defining Unicode char U+0412 (decimal 1042)
   defining Unicode char U+0413 (decimal 1043)
   defining Unicode char U+0414 (decimal 1044)
   defining Unicode char U+0415 (decimal 1045)
   defining Unicode char U+0416 (decimal 1046)
   defining Unicode char U+0417 (decimal 1047)
   defining Unicode char U+0418 (decimal 1048)
   defining Unicode char U+0419 (decimal 1049)
   defining Unicode char U+041A (decimal 1050)
   defining Unicode char U+041B (decimal 1051)
   defining Unicode char U+041C (decimal 1052)
   defining Unicode char U+041D (decimal 1053)
   defining Unicode char U+041E (decimal 1054)
   defining Unicode char U+041F (decimal 1055)
   defining Unicode char U+0420 (decimal 1056)
   defining Unicode char U+0421 (decimal 1057)
   defining Unicode char U+0422 (decimal 1058)
   defining Unicode char U+0423 (decimal 1059)
   defining Unicode char U+0424 (decimal 1060)
   defining Unicode char U+0425 (decimal 1061)
   defining Unicode char U+0426 (decimal 1062)
   defining Unicode char U+0427 (decimal 1063)
   defining Unicode char U+0428 (decimal 1064)
   defining Unicode char U+0429 (decimal 1065)
   defining Unicode char U+042A (decimal 1066)
   defining Unicode char U+042B (decimal 1067)
   defining Unicode char U+042C (decimal 1068)
   defining Unicode char U+042D (decimal 1069)
   defining Unicode char U+042E (decimal 1070)
   defining Unicode char U+042F (decimal 1071)
   defining Unicode char U+0430 (decimal 1072)
   defining Unicode char U+0431 (decimal 1073)
   defining Unicode char U+0432 (decimal 1074)
   defining Unicode char U+0433 (decimal 1075)
   defining Unicode char U+0434 (decimal 1076)
   defining Unicode char U+0435 (decimal 1077)
   defining Unicode char U+0436 (decimal 1078)
   defining Unicode char U+0437 (decimal 1079)
   defining Unicode char U+0438 (decimal 1080)
   defining Unicode char U+0439 (decimal 1081)
   defining Unicode char U+043A (decimal 1082)
   defining Unicode char U+043B (decimal 1083)
   defining Unicode char U+043C (decimal 1084)
   defining Unicode char U+043D (decimal 1085)
   defining Unicode char U+043E (decimal 1086)
   defining Unicode char U+043F (decimal 1087)
   defining Unicode char U+0440 (decimal 1088)
   defining Unicode char U+0441 (decimal 1089)
   defining Unicode char U+0442 (decimal 1090)
   defining Unicode char U+0443 (decimal 1091)
   defining Unicode char U+0444 (decimal 1092)
   defining Unicode char U+0445 (decimal 1093)
   defining Unicode char U+0446 (decimal 1094)
   defining Unicode char U+0447 (decimal 1095)
   defining Unicode char U+0448 (decimal 1096)
   defining Unicode char U+0449 (decimal 1097)
   defining Unicode char U+044A (decimal 1098)
   defining Unicode char U+044B (decimal 1099)
   defining Unicode char U+044C (decimal 1100)
   defining Unicode char U+044D (decimal 1101)
   defining Unicode char U+044E (decimal 1102)
   defining Unicode char U+044F (decimal 1103)
   defining Unicode char U+0450 (decimal 1104)
   defining Unicode char U+0451 (decimal 1105)
   defining Unicode char U+0452 (decimal 1106)
   defining Unicode char U+0453 (decimal 1107)
   defining Unicode char U+0454 (decimal 1108)
   defining Unicode char U+0455 (decimal 1109)
   defining Unicode char U+0456 (decimal 1110)
   defining Unicode char U+0457 (decimal 1111)
   defining Unicode char U+0458 (decimal 1112)
   defining Unicode char U+0459 (decimal 1113)
   defining Unicode char U+045A (decimal 1114)
   defining Unicode char U+045B (decimal 1115)
   defining Unicode char U+045C (decimal 1116)
   defining Unicode char U+045D (decimal 1117)
   defining Unicode char U+045E (decimal 1118)
   defining Unicode char U+045F (decimal 1119)
   defining Unicode char U+0490 (decimal 1168)
   defining Unicode char U+0491 (decimal 1169)
   defining Unicode char U+0492 (decimal 1170)
   defining Unicode char U+0493 (decimal 1171)
   defining Unicode char U+0496 (decimal 1174)
   defining Unicode char U+0497 (decimal 1175)
   defining Unicode char U+0498 (decimal 1176)
   defining Unicode char U+0499 (decimal 1177)
   defining Unicode char U+049A (decimal 1178)
   defining Unicode char U+049B (decimal 1179)
   defining Unicode char U+049C (decimal 1180)
   defining Unicode char U+049D (decimal 1181)
   defining Unicode char U+04A0 (decimal 1184)
   defining Unicode char U+04A1 (decimal 1185)
   defining Unicode char U+04A2 (decimal 1186)
   defining Unicode char U+04A3 (decimal 1187)
   defining Unicode char U+04A4 (decimal 1188)
   defining Unicode char U+04A5 (decimal 1189)
   defining Unicode char U+04AA (decimal 1194)
   defining Unicode char U+04AB (decimal 1195)
   defining Unicode char U+04AE (decimal 1198)
   defining Unicode char U+04AF (decimal 1199)
   defining Unicode char U+04B0 (decimal 1200)
   defining Unicode char U+04B1 (decimal 1201)
   defining Unicode char U+04B2 (decimal 1202)
   defining Unicode char U+04B3 (decimal 1203)
   defining Unicode char U+04B6 (decimal 1206)
   defining Unicode char U+04B7 (decimal 1207)
   defining Unicode char U+04B8 (decimal 1208)
   defining Unicode char U+04B9 (decimal 1209)
   defining Unicode char U+04BA (decimal 1210)
   defining Unicode char U+04BB (decimal 1211)
   defining Unicode char U+04C0 (decimal 1216)
   defining Unicode char U+04C1 (decimal 1217)
   defining Unicode char U+04C2 (decimal 1218)
   defining Unicode char U+04D0 (decimal 1232)
   defining Unicode char U+04D1 (decimal 1233)
   defining Unicode char U+04D2 (decimal 1234)
   defining Unicode char U+04D3 (decimal 1235)
   defining Unicode char U+04D4 (decimal 1236)
   defining Unicode char U+04D5 (decimal 1237)
   defining Unicode char U+04D6 (decimal 1238)
   defining Unicode char U+04D7 (decimal 1239)
   defining Unicode char U+04D8 (decimal 1240)
   defining Unicode char U+04D9 (decimal 1241)
   defining Unicode char U+04DA (decimal 1242)
   defining Unicode char U+04DB (decimal 1243)
   defining Unicode char U+04DC (decimal 1244)
   defining Unicode char U+04DD (decimal 1245)
   defining Unicode char U+04DE (decimal 1246)
   defining Unicode char U+04DF (decimal 1247)
   defining Unicode char U+04E2 (decimal 1250)
   defining Unicode char U+04E3 (decimal 1251)
   defining Unicode char U+04E4 (decimal 1252)
   defining Unicode char U+04E5 (decimal 1253)
   defining Unicode char U+04E6 (decimal 1254)
   defining Unicode char U+04E7 (decimal 1255)
   defining Unicode char U+04E8 (decimal 1256)
   defining Unicode char U+04E9 (decimal 1257)
   defining Unicode char U+04EC (decimal 1260)
   defining Unicode char U+04ED (decimal 1261)
   defining Unicode char U+04EE (decimal 1262)
   defining Unicode char U+04EF (decimal 1263)
   defining Unicode char U+04F0 (decimal 1264)
   defining Unicode char U+04F1 (decimal 1265)
   defining Unicode char U+04F2 (decimal 1266)
   defining Unicode char U+04F3 (decimal 1267)
   defining Unicode char U+04F4 (decimal 1268)
   defining Unicode char U+04F5 (decimal 1269)
   defining Unicode char U+04F8 (decimal 1272)
   defining Unicode char U+04F9 (decimal 1273)
   defining Unicode char U+200C (decimal 8204)
   defining Unicode char U+2013 (decimal 8211)
   defining Unicode char U+2014 (decimal 8212)
   defining Unicode char U+2018 (decimal 8216)
   defining Unicode char U+2019 (decimal 8217)
   defining Unicode char U+201C (decimal 8220)
   defining Unicode char U+201D (decimal 8221)
   defining Unicode char U+201E (decimal 8222)
   defining Unicode char U+2030 (decimal 8240)
   defining Unicode char U+2031 (decimal 8241)
   defining Unicode char U+2116 (decimal 8470)
   defining Unicode char U+2329 (decimal 9001)
   defining Unicode char U+232A (decimal 9002)
   defining Unicode char U+2423 (decimal 9251)
   defining Unicode char U+27E8 (decimal 10216)
   defining Unicode char U+27E9 (decimal 10217)
   defining Unicode char U+FB00 (decimal 64256)
   defining Unicode char U+FB01 (decimal 64257)
   defining Unicode char U+FB02 (decimal 64258)
   defining Unicode char U+FB03 (decimal 64259)
   defining Unicode char U+FB04 (decimal 64260)
   defining Unicode char U+FB05 (decimal 64261)
   defining Unicode char U+FB06 (decimal 64262)
))
Package babel Info: Making " an active character on input line 120.
Package babel Info: Default for \cyrdash is provided on input line 157.
))
("C:\Users\Anton Sotnikov\AppData\Local\Programs\MiKTeX 2.9\tex/latex/tools\arr
ay.sty"
Package: array 2019/08/31 v2.4l Tabular extension package (FMi)
\col@sep=\dimen145
\ar@mcellbox=\box47
\extrarowheight=\dimen146
\NC@list=\toks23
\extratabsurround=\skip52
\backup@length=\skip53
\ar@cellbox=\box48
)
("C:\Users\Anton Sotnikov\AppData\Local\Programs\MiKTeX 2.9\tex/latex/tools\the
orem.sty"
Package: theorem 2014/10/28 v2.2c Theorem extension package (FMi)
\theorem@style=\toks24
\theorem@bodyfont=\toks25
\theorempreskipamount=\skip54
\theorempostskipamount=\skip55

("C:\Users\Anton Sotnikov\AppData\Local\Programs\MiKTeX 2.9\tex/latex/tools\thp
.sty"
File: thp.sty 2014/10/28 v2.2c Theorem extension package (FMi)
))
("C:\Users\Anton Sotnikov\AppData\Local\Programs\MiKTeX 2.9\tex/latex/base\ifth
en.sty"
Package: ifthen 2014/09/29 v1.1c Standard LaTeX ifthen package (DPC)
)
("C:\Users\Anton Sotnikov\AppData\Local\Programs\MiKTeX 2.9\tex/latex/algorithm
s\algorithm.sty"
Package: algorithm 2009/08/24 v0.1 Document Style `algorithm' - floating enviro
nment

("C:\Users\Anton Sotnikov\AppData\Local\Programs\MiKTeX 2.9\tex/latex/float\flo
at.sty"
Package: float 2001/11/08 v1.3d Float enhancements (AL)
\c@float@type=\count189
\float@exts=\toks26
\float@box=\box49
\@float@everytoks=\toks27
\@floatcapt=\box50
)
\@float@every@algorithm=\toks28
\c@algorithm=\count190
)
("C:\Users\Anton Sotnikov\AppData\Local\Programs\MiKTeX 2.9\tex/latex/algorithm
s\algorithmic.sty"
Package: algorithmic 2009/08/24 v0.1 Document Style `algorithmic'

("C:\Users\Anton Sotnikov\AppData\Local\Programs\MiKTeX 2.9\tex/latex/graphics\
keyval.sty"
Package: keyval 2014/10/28 v1.15 key=value parser (DPC)
\KV@toks@=\toks29
)
\c@ALC@unique=\count191
\c@ALC@line=\count192
\c@ALC@rem=\count193
\c@ALC@depth=\count194
\ALC@tlm=\skip56
\algorithmicindent=\skip57
)
("C:\Users\Anton Sotnikov\AppData\Local\Programs\MiKTeX 2.9\tex/latex/graphics\
graphicx.sty"
Package: graphicx 2019/11/30 v1.2a Enhanced LaTeX Graphics (DPC,SPQR)

("C:\Users\Anton Sotnikov\AppData\Local\Programs\MiKTeX 2.9\tex/latex/graphics\
graphics.sty"
Package: graphics 2019/11/30 v1.4a Standard LaTeX Graphics (DPC,SPQR)

("C:\Users\Anton Sotnikov\AppData\Local\Programs\MiKTeX 2.9\tex/latex/graphics\
trig.sty"
Package: trig 2016/01/03 v1.10 sin cos tan (DPC)
)
("C:\Users\Anton Sotnikov\AppData\Local\Programs\MiKTeX 2.9\tex/latex/graphics-
cfg\graphics.cfg"
File: graphics.cfg 2016/06/04 v1.11 sample graphics configuration
)
Package graphics Info: Driver file: pdftex.def on input line 105.

("C:\Users\Anton Sotnikov\AppData\Local\Programs\MiKTeX 2.9\tex/latex/graphics-
def\pdftex.def"
File: pdftex.def 2018/01/08 v1.0l Graphics/color driver for pdftex
))
\Gin@req@height=\dimen147
\Gin@req@width=\dimen148
)
("C:\Users\Anton Sotnikov\AppData\Local\Programs\MiKTeX 2.9\tex/latex/floatflt\
floatflt.sty"
Package: floatflt 1997/07/16 v. 1.31
\c@OptionTest=\count195
\figbox=\box51
\tabbox=\box52
\pagebox=\box53
\ffigcount=\count196
\ftabcount=\count197
\fftest=\count198
\hangcount=\count199
\nosuccesstryfig=\count266
\nosuccesstrytab=\count267
\figgutter=\dimen149
\tabgutter=\dimen150
\htdone=\dimen151
\pageht=\dimen152
\startpageht=\dimen153
\tabbredd=\dimen154
\floatfltwidth=\dimen155
\fltitemwidth=\dimen156
\outputpretest=\toks30
)
("C:\Users\Anton Sotnikov\AppData\Local\Programs\MiKTeX 2.9\tex/latex/caption\c
aption.sty"
Package: caption 2020/05/30 v3.4k Customizing captions (AR)

("C:\Users\Anton Sotnikov\AppData\Local\Programs\MiKTeX 2.9\tex/latex/caption\c
aption3.sty"
Package: caption3 2020/05/30 v1.12 caption3 kernel (AR)
Package caption3 Info: TeX engine: e-TeX on input line 61.
\captionmargin=\dimen157
\captionmargin@=\dimen158
\captionwidth=\dimen159
\caption@tempdima=\dimen160
\caption@indent=\dimen161
\caption@parindent=\dimen162
\caption@hangindent=\dimen163
Package caption Info: Standard document class detected.
)
\c@caption@flags=\count268
\c@continuedfloat=\count269
Package caption Info: float package is loaded.
Package caption Info: floatflt package is loaded.
)
("C:\Users\Anton Sotnikov\AppData\Local\Programs\MiKTeX 2.9\tex/latex/graphics\
color.sty"
Package: color 2019/11/23 v1.2a Standard LaTeX Color (DPC)

("C:\Users\Anton Sotnikov\AppData\Local\Programs\MiKTeX 2.9\tex/latex/graphics-
cfg\color.cfg"
File: color.cfg 2016/01/02 v1.6 sample color configuration
)
Package color Info: Driver file: pdftex.def on input line 147.
)
("C:\Users\Anton Sotnikov\AppData\Local\Programs\MiKTeX 2.9\tex/generic/xypic\x
y.sty"
("C:\Users\Anton Sotnikov\AppData\Local\Programs\MiKTeX 2.9\tex/generic/xypic\x
y.tex" Bootstrap'ing: catcodes, docmode,
("C:\Users\Anton Sotnikov\AppData\Local\Programs\MiKTeX 2.9\tex/generic/xypic\x
yrecat.tex")
("C:\Users\Anton Sotnikov\AppData\Local\Programs\MiKTeX 2.9\tex/generic/xypic\x
yidioms.tex")

 Xy-pic version 3.8.9 <2013/10/06>
 Copyright (c) 1991-2013 by Kristoffer H. Rose <krisrose@tug.org> and others
 Xy-pic is free software: see the User's Guide for details.

Loading kernel: messages; fonts; allocations: state,
\X@c=\dimen164
\Y@c=\dimen165
\U@c=\dimen166
\D@c=\dimen167
\L@c=\dimen168
\R@c=\dimen169
\Edge@c=\toks31
\X@p=\dimen170
\Y@p=\dimen171
\U@p=\dimen172
\D@p=\dimen173
\L@p=\dimen174
\R@p=\dimen175
\Edge@p=\toks32
\X@origin=\dimen176
\Y@origin=\dimen177
\X@xbase=\dimen178
\Y@xbase=\dimen179
\X@ybase=\dimen180
\Y@ybase=\dimen181
\X@min=\dimen182
\Y@min=\dimen183
\X@max=\dimen184
\Y@max=\dimen185
\lastobjectbox@=\box54
\zerodotbox@=\box55
\almostz@=\dimen186
 direction,
\d@X=\dimen187
\d@Y=\dimen188
\K@=\count270
\KK@=\count271
\Direction=\count272
\K@dXdY=\dimen189
\K@dYdX=\dimen190
\xyread@=\read3
\xywrite@=\write3
\csp@=\count273
\quotPTK@=\dimen191

utility macros; pictures: \xy, positions,
\swaptoks@@=\toks33
\connectobjectbox@@=\box56
 objects,
\styletoks@=\toks34
 decorations;
kernel objects: directionals, circles, text; options; algorithms: directions,
edges, connections;  Xy-pic loaded)
("C:\Users\Anton Sotnikov\AppData\Local\Programs\MiKTeX 2.9\tex/generic/iftex\i
fpdf.sty"
Package: ifpdf 2019/10/25 v3.4 ifpdf legacy package. Use iftex instead.

("C:\Users\Anton Sotnikov\AppData\Local\Programs\MiKTeX 2.9\tex/generic/iftex\i
ftex.sty"
Package: iftex 2020/03/06 v1.0d TeX engine tests
))
Package: xy 2013/10/06 Xy-pic version 3.8.9

("C:\Users\Anton Sotnikov\AppData\Local\Programs\MiKTeX 2.9\tex/generic/xypic\x
yall.tex"  Xy-pic option: All features v.3.8
("C:\Users\Anton Sotnikov\AppData\Local\Programs\MiKTeX 2.9\tex/generic/xypic\x
ycurve.tex"  Xy-pic option: Curve and Spline extension v.3.12 curve,
\crv@cnt@=\count274
\crvpts@=\toks35
\splinebox@=\box57
\splineval@=\dimen192
\splinedepth@=\dimen193
\splinetol@=\dimen194
\splinelength@=\dimen195
 circles,
\L@=\dimen196

loaded)
("C:\Users\Anton Sotnikov\AppData\Local\Programs\MiKTeX 2.9\tex/generic/xypic\x
yframe.tex"  Xy-pic option: Frame and Bracket extension v.3.14 loaded)
("C:\Users\Anton Sotnikov\AppData\Local\Programs\MiKTeX 2.9\tex/generic/xypic\x
ycmtip.tex"  Xy-pic option: Computer Modern tip extension v.3.7
("C:\Users\Anton Sotnikov\AppData\Local\Programs\MiKTeX 2.9\tex/generic/xypic\x
ytips.tex"  Xy-pic option: More Tips extension v.3.11 loaded) loaded)
("C:\Users\Anton Sotnikov\AppData\Local\Programs\MiKTeX 2.9\tex/generic/xypic\x
yline.tex"  Xy-pic option: Line styles extension v.3.10
\xylinethick@=\dimen197
 loaded)
("C:\Users\Anton Sotnikov\AppData\Local\Programs\MiKTeX 2.9\tex/generic/xypic\x
yrotate.tex"  Xy-pic option: Rotate and Scale extension v.3.8 loaded)
("C:\Users\Anton Sotnikov\AppData\Local\Programs\MiKTeX 2.9\tex/generic/xypic\x
ycolor.tex"  Xy-pic option: Colour extension v.3.11 loaded)
("C:\Users\Anton Sotnikov\AppData\Local\Programs\MiKTeX 2.9\tex/generic/xypic\x
ymatrix.tex"  Xy-pic option: Matrix feature v.3.14
\Row=\count275
\Col=\count276
\queue@=\toks36
\queue@@=\toks37
\qcount@=\count277
\qcount@@=\count278
\matrixsize@=\count279
 loaded)
("C:\Users\Anton Sotnikov\AppData\Local\Programs\MiKTeX 2.9\tex/generic/xypic\x
yarrow.tex"  Xy-pic option: Arrow and Path feature v.3.9 path, \ar, loaded)
("C:\Users\Anton Sotnikov\AppData\Local\Programs\MiKTeX 2.9\tex/generic/xypic\x
ygraph.tex"  Xy-pic option: Graph feature v.3.11 loaded) loaded)
("C:\Users\Anton Sotnikov\AppData\Local\Programs\MiKTeX 2.9\tex/generic/xypic\x
ypdf.tex"  Xy-pic option: PDF driver v.1.7
Xy-pic pdf driver: `color' extension support
("C:\Users\Anton Sotnikov\AppData\Local\Programs\MiKTeX 2.9\tex/generic/xypic\x
ypdf-co.tex" loaded) Xy-pic pdf driver: `curve' extension support
("C:\Users\Anton Sotnikov\AppData\Local\Programs\MiKTeX 2.9\tex/generic/xypic\x
ypdf-cu.tex" loaded) Xy-pic pdf driver: `frame' extension support
("C:\Users\Anton Sotnikov\AppData\Local\Programs\MiKTeX 2.9\tex/generic/xypic\x
ypdf-fr.tex" loaded) Xy-pic pdf driver: `line' extension support
("C:\Users\Anton Sotnikov\AppData\Local\Programs\MiKTeX 2.9\tex/generic/xypic\x
ypdf-li.tex" loaded) Xy-pic pdf driver: `rotate' extension support
("C:\Users\Anton Sotnikov\AppData\Local\Programs\MiKTeX 2.9\tex/generic/xypic\x
ypdf-ro.tex" loaded) loaded))
("C:\Users\Anton Sotnikov\AppData\Local\Programs\MiKTeX 2.9\tex/latex/cmap\cmap
.sty"
Package: cmap 2008/03/06 v1.0h CMap support: searchable PDF
)<<ot1.cmap>>
\c@Theorem=\count280
\c@Corollary=\count281
\c@Lemma=\count282
\c@Def=\count283
\c@State=\count284
\c@Hypothesis=\count285
\c@Example=\count286
\c@Heuristic=\count287
\c@Remark=\count288
)
("C:\Users\Anton Sotnikov\AppData\Local\Programs\MiKTeX 2.9\tex/latex/geometry\
geometry.sty"
Package: geometry 2020/01/02 v5.9 Page Geometry

("C:\Users\Anton Sotnikov\AppData\Local\Programs\MiKTeX 2.9\tex/generic/iftex\i
fvtex.sty"
Package: ifvtex 2019/10/25 v1.7 ifvtex legacy package. Use iftex instead.
)
\Gm@cnth=\count289
\Gm@cntv=\count290
\c@Gm@tempcnt=\count291
\Gm@bindingoffset=\dimen198
\Gm@wd@mp=\dimen199
\Gm@odd@mp=\dimen256
\Gm@even@mp=\dimen257
\Gm@layoutwidth=\dimen258
\Gm@layoutheight=\dimen259
\Gm@layouthoffset=\dimen260
\Gm@layoutvoffset=\dimen261
\Gm@dimlist=\toks38

("C:\Users\Anton Sotnikov\AppData\Local\Programs\MiKTeX 2.9\tex/latex/geometry\
geometry.cfg"))
("C:\Users\Anton Sotnikov\AppData\Local\Programs\MiKTeX 2.9\tex/latex/comment\c
omment.sty"
\CommentStream=\write4
 Excluding comment 'comment')
("C:\Users\Anton Sotnikov\AppData\Local\Programs\MiKTeX 2.9\tex/latex/hyperref\
hyperref.sty"
Package: hyperref 2020-05-15 v7.00e Hypertext links for LaTeX

("C:\Users\Anton Sotnikov\AppData\Local\Programs\MiKTeX 2.9\tex/generic/ltxcmds
\ltxcmds.sty"
Package: ltxcmds 2019/12/15 v1.24 LaTeX kernel commands for general use (HO)
)
("C:\Users\Anton Sotnikov\AppData\Local\Programs\MiKTeX 2.9\tex/latex/pdftexcmd
s\pdftexcmds.sty"
Package: pdftexcmds 2020-06-04 v0.32 Utility functions of pdfTeX for LuaTeX (HO
)

("C:\Users\Anton Sotnikov\AppData\Local\Programs\MiKTeX 2.9\tex/generic/infware
rr\infwarerr.sty"
Package: infwarerr 2019/12/03 v1.5 Providing info/warning/error messages (HO)
)
Package pdftexcmds Info: \pdf@primitive is available.
Package pdftexcmds Info: \pdf@ifprimitive is available.
Package pdftexcmds Info: \pdfdraftmode found.
)
("C:\Users\Anton Sotnikov\AppData\Local\Programs\MiKTeX 2.9\tex/generic/kvsetke
ys\kvsetkeys.sty"
Package: kvsetkeys 2019/12/15 v1.18 Key value parser (HO)
)
("C:\Users\Anton Sotnikov\AppData\Local\Programs\MiKTeX 2.9\tex/generic/kvdefin
ekeys\kvdefinekeys.sty"
Package: kvdefinekeys 2019-12-19 v1.6 Define keys (HO)
)
("C:\Users\Anton Sotnikov\AppData\Local\Programs\MiKTeX 2.9\tex/generic/pdfesca
pe\pdfescape.sty"
Package: pdfescape 2019/12/09 v1.15 Implements pdfTeX's escape features (HO)
)
("C:\Users\Anton Sotnikov\AppData\Local\Programs\MiKTeX 2.9\tex/latex/hycolor\h
ycolor.sty"
Package: hycolor 2020-01-27 v1.10 Color options for hyperref/bookmark (HO)
)
("C:\Users\Anton Sotnikov\AppData\Local\Programs\MiKTeX 2.9\tex/latex/letltxmac
ro\letltxmacro.sty"
Package: letltxmacro 2019/12/03 v1.6 Let assignment for LaTeX macros (HO)
)
("C:\Users\Anton Sotnikov\AppData\Local\Programs\MiKTeX 2.9\tex/latex/auxhook\a
uxhook.sty"
Package: auxhook 2019-12-17 v1.6 Hooks for auxiliary files (HO)
)
("C:\Users\Anton Sotnikov\AppData\Local\Programs\MiKTeX 2.9\tex/latex/kvoptions
\kvoptions.sty"
Package: kvoptions 2019/11/29 v3.13 Key value format for package options (HO)
)
\@linkdim=\dimen262
\Hy@linkcounter=\count292
\Hy@pagecounter=\count293

("C:\Users\Anton Sotnikov\AppData\Local\Programs\MiKTeX 2.9\tex/latex/hyperref\
pd1enc.def"
File: pd1enc.def 2020-05-15 v7.00e Hyperref: PDFDocEncoding definition (HO)
Now handling font encoding PD1 ...
... no UTF-8 mapping file for font encoding PD1
)
("C:\Users\Anton Sotnikov\AppData\Local\Programs\MiKTeX 2.9\tex/generic/intcalc
\intcalc.sty"
Package: intcalc 2019/12/15 v1.3 Expandable calculations with integers (HO)
)
("C:\Users\Anton Sotnikov\AppData\Local\Programs\MiKTeX 2.9\tex/generic/etexcmd
s\etexcmds.sty"
Package: etexcmds 2019/12/15 v1.7 Avoid name clashes with e-TeX commands (HO)
)
\Hy@SavedSpaceFactor=\count294
Package hyperref Info: Option `unicode' set `true' on input line 3427.

("C:\Users\Anton Sotnikov\AppData\Local\Programs\MiKTeX 2.9\tex/latex/hyperref\
puenc.def"
File: puenc.def 2020-05-15 v7.00e Hyperref: PDF Unicode definition (HO)
Now handling font encoding PU ...
... no UTF-8 mapping file for font encoding PU
)
Package hyperref Info: Hyper figures OFF on input line 4464.
Package hyperref Info: Link nesting OFF on input line 4469.
Package hyperref Info: Hyper index ON on input line 4472.
Package hyperref Info: Plain pages OFF on input line 4479.
Package hyperref Info: Backreferencing OFF on input line 4484.
Package hyperref Info: Implicit mode ON; LaTeX internals redefined.
Package hyperref Info: Bookmarks ON on input line 4717.
\c@Hy@tempcnt=\count295

("C:\Users\Anton Sotnikov\AppData\Local\Programs\MiKTeX 2.9\tex/latex/url\url.s
ty"
\Urlmuskip=\muskip17
Package: url 2013/09/16  ver 3.4  Verb mode for urls, etc.
)
LaTeX Info: Redefining \url on input line 5076.
\XeTeXLinkMargin=\dimen263

("C:\Users\Anton Sotnikov\AppData\Local\Programs\MiKTeX 2.9\tex/generic/bitset\
bitset.sty"
Package: bitset 2019/12/09 v1.3 Handle bit-vector datatype (HO)

("C:\Users\Anton Sotnikov\AppData\Local\Programs\MiKTeX 2.9\tex/generic/bigintc
alc\bigintcalc.sty"
Package: bigintcalc 2019/12/15 v1.5 Expandable calculations on big integers (HO
)
))
\Fld@menulength=\count296
\Field@Width=\dimen264
\Fld@charsize=\dimen265
Package hyperref Info: Hyper figures OFF on input line 6347.
Package hyperref Info: Link nesting OFF on input line 6352.
Package hyperref Info: Hyper index ON on input line 6355.
Package hyperref Info: backreferencing OFF on input line 6362.
Package hyperref Info: Link coloring OFF on input line 6367.
Package hyperref Info: Link coloring with OCG OFF on input line 6372.
Package hyperref Info: PDF/A mode OFF on input line 6377.
LaTeX Info: Redefining \ref on input line 6417.
LaTeX Info: Redefining \pageref on input line 6421.

("C:\Users\Anton Sotnikov\AppData\Local\Programs\MiKTeX 2.9\tex/generic/atbegsh
i\atbegshi.sty"
Package: atbegshi 2019/12/05 v1.19 At begin shipout hook (HO)
)
\Hy@abspage=\count297
\c@Item=\count298
\c@Hfootnote=\count299
)
Package hyperref Info: Driver (autodetected): hpdftex.

("C:\Users\Anton Sotnikov\AppData\Local\Programs\MiKTeX 2.9\tex/latex/hyperref\
hpdftex.def"
File: hpdftex.def 2020-05-15 v7.00e Hyperref driver for pdfTeX

("C:\Users\Anton Sotnikov\AppData\Local\Programs\MiKTeX 2.9\tex/latex/atveryend
\atveryend.sty"
Package: atveryend 2019-12-11 v1.11 Hooks at the very end of document (HO)
Package atveryend Info: \enddocument detected (standard20110627).
)
\Fld@listcount=\count300
\c@bookmark@seq@number=\count301

("C:\Users\Anton Sotnikov\AppData\Local\Programs\MiKTeX 2.9\tex/latex/rerunfile
check\rerunfilecheck.sty"
Package: rerunfilecheck 2019/12/05 v1.9 Rerun checks for auxiliary files (HO)

("C:\Users\Anton Sotnikov\AppData\Local\Programs\MiKTeX 2.9\tex/generic/uniquec
ounter\uniquecounter.sty"
Package: uniquecounter 2019/12/15 v1.4 Provide unlimited unique counter (HO)
)
Package uniquecounter Info: New unique counter `rerunfilecheck' on input line 2
86.
)
\Hy@SectionHShift=\skip58
)
("C:\Users\Anton Sotnikov\AppData\Local\Programs\MiKTeX 2.9\tex/latex/doublestr
oke\dsfont.sty"
Package: dsfont 1995/08/01 v0.1 Double stroke roman fonts
)
\c@definition=\count302
\c@theorem=\count303
\c@utv=\count304

("C:\Users\Anton Sotnikov\AppData\Local\Programs\MiKTeX 2.9\tex/latex/l3backend
\l3backend-pdfmode.def"
File: l3backend-pdfmode.def 2020-06-18 L3 backend support: PDF mode
\l__kernel_color_stack_int=\count305
\l__pdf_internal_box=\box58
) (Sotnikov2020BcSThesis.aux
LaTeX Font Info:    Trying to load font information for T2A+cmr on input line 2
2.

("C:\Users\Anton Sotnikov\AppData\Local\Programs\MiKTeX 2.9\tex/latex/cyrillic\
t2acmr.fd"
File: t2acmr.fd 2001/08/11 v1.0a Computer Modern Cyrillic font definitions
)<<t2a.cmap>>)
\openout1 = `Sotnikov2020BcSThesis.aux'.

LaTeX Font Info:    Checking defaults for OML/cmm/m/it on input line 19.
LaTeX Font Info:    ... okay on input line 19.
LaTeX Font Info:    Checking defaults for OMS/cmsy/m/n on input line 19.
LaTeX Font Info:    ... okay on input line 19.
LaTeX Font Info:    Checking defaults for OT1/cmr/m/n on input line 19.
LaTeX Font Info:    ... okay on input line 19.
LaTeX Font Info:    Checking defaults for T1/cmr/m/n on input line 19.
LaTeX Font Info:    ... okay on input line 19.
LaTeX Font Info:    Checking defaults for TS1/cmr/m/n on input line 19.
LaTeX Font Info:    ... okay on input line 19.
LaTeX Font Info:    Checking defaults for OMX/cmex/m/n on input line 19.
LaTeX Font Info:    ... okay on input line 19.
LaTeX Font Info:    Checking defaults for U/cmr/m/n on input line 19.
LaTeX Font Info:    ... okay on input line 19.
LaTeX Font Info:    Checking defaults for T2A/cmr/m/n on input line 19.
LaTeX Font Info:    ... okay on input line 19.
LaTeX Font Info:    Checking defaults for PD1/pdf/m/n on input line 19.
LaTeX Font Info:    ... okay on input line 19.
LaTeX Font Info:    Checking defaults for PU/pdf/m/n on input line 19.
LaTeX Font Info:    ... okay on input line 19.

("C:\Users\Anton Sotnikov\AppData\Local\Programs\MiKTeX 2.9\tex/context/base/mk
ii\supp-pdf.mkii"
[Loading MPS to PDF converter (version 2006.09.02).]
\scratchcounter=\count306
\scratchdimen=\dimen266
\scratchbox=\box59
\nofMPsegments=\count307
\nofMParguments=\count308
\everyMPshowfont=\toks39
\MPscratchCnt=\count309
\MPscratchDim=\dimen267
\MPnumerator=\count310
\makeMPintoPDFobject=\count311
\everyMPtoPDFconversion=\toks40
)
("C:\Users\Anton Sotnikov\AppData\Local\Programs\MiKTeX 2.9\tex/latex/epstopdf-
pkg\epstopdf-base.sty"
Package: epstopdf-base 2020-01-24 v2.11 Base part for package epstopdf
Package epstopdf-base Info: Redefining graphics rule for `.eps' on input line 4
85.
)
Package caption Info: Begin \AtBeginDocument code.
Package caption Info: hyperref package is loaded.
Package caption Info: End \AtBeginDocument code.
<<oml.cmap>><<oms.cmap>><<omx.cmap>>
LaTeX Font Info:    Trying to load font information for U+msa on input line 19.


("C:\Users\Anton Sotnikov\AppData\Local\Programs\MiKTeX 2.9\tex/latex/amsfonts\
umsa.fd"
File: umsa.fd 2013/01/14 v3.01 AMS symbols A
)
LaTeX Font Info:    Trying to load font information for U+msb on input line 19.


("C:\Users\Anton Sotnikov\AppData\Local\Programs\MiKTeX 2.9\tex/latex/amsfonts\
umsb.fd"
File: umsb.fd 2013/01/14 v3.01 AMS symbols B
)
Package xypdf Info: Line width: 0.47998pt on input line 19.

*geometry* driver: auto-detecting
*geometry* detected driver: pdftex
*geometry* verbose mode - [ preamble ] result:
* driver: pdftex
* paper: a4paper
* layout: <same size as paper>
* layoutoffset:(h,v)=(0.0pt,0.0pt)
* modes: 
* h-part:(L,W,R)=(85.35826pt, 426.79135pt, 85.35826pt)
* v-part:(T,H,B)=(56.9055pt, 731.23584pt, 56.9055pt)
* \paperwidth=597.50787pt
* \paperheight=845.04684pt
* \textwidth=426.79135pt
* \textheight=731.23584pt
* \oddsidemargin=13.08827pt
* \evensidemargin=13.08827pt
* \topmargin=-52.36449pt
* \headheight=12.0pt
* \headsep=25.0pt
* \topskip=12.0pt
* \footskip=30.0pt
* \marginparwidth=35.0pt
* \marginparsep=10.0pt
* \columnsep=10.0pt
* \skip\footins=10.8pt plus 4.0pt minus 2.0pt
* \hoffset=0.0pt
* \voffset=0.0pt
* \mag=1000
* \@twocolumnfalse
* \@twosidefalse
* \@mparswitchfalse
* \@reversemarginfalse
* (1in=72.27pt=25.4mm, 1cm=28.453pt)

\AtBeginShipoutBox=\box60
Package hyperref Info: Link coloring OFF on input line 19.

("C:\Users\Anton Sotnikov\AppData\Local\Programs\MiKTeX 2.9\tex/latex/hyperref\
nameref.sty"
Package: nameref 2019/09/16 v2.46 Cross-referencing by name of section

("C:\Users\Anton Sotnikov\AppData\Local\Programs\MiKTeX 2.9\tex/latex/refcount\
refcount.sty"
Package: refcount 2019/12/15 v3.6 Data extraction from label references (HO)
)
("C:\Users\Anton Sotnikov\AppData\Local\Programs\MiKTeX 2.9\tex/generic/gettitl
estring\gettitlestring.sty"
Package: gettitlestring 2019/12/15 v1.6 Cleanup title references (HO)
)
\c@section@level=\count312
)
LaTeX Info: Redefining \ref on input line 19.
LaTeX Info: Redefining \pageref on input line 19.
LaTeX Info: Redefining \nameref on input line 19.
 (Sotnikov2020BcSThesis.out)
(Sotnikov2020BcSThesis.out)
\@outlinefile=\write5
\openout5 = `Sotnikov2020BcSThesis.out'.

 [1

{C:/Users/Anton Sotnikov/AppData/Local/MiKTeX/2.9/pdftex/config/pdftex.map}] [2
]
LaTeX Font Info:    Trying to load font information for T2A+cmss on input line 
77.

("C:\Users\Anton Sotnikov\AppData\Local\Programs\MiKTeX 2.9\tex/latex/cyrillic\
t2acmss.fd"
File: t2acmss.fd 2001/08/11 v1.0a Computer Modern Cyrillic font definitions
) (Sotnikov2020BcSThesis.toc)
\tf@toc=\write6
\openout6 = `Sotnikov2020BcSThesis.toc'.

 [3] [4] [5] [6]
Overfull \hbox (50.6446pt too wide) in paragraph at lines 146--147
\T2A/cmr/m/n/12 со-от-вет-ству-щая им по-сле-до-ва-тель-ность ме-ток, а $\OML/c
mm/m/it/12 k[] \OMS/cmsy/m/n/12 2 []$\T2A/cmr/m/n/12 . 
 []

[7] [8]
<../pics/blast.png, id=176, 870.8535pt x 262.581pt>
File: ../pics/blast.png Graphic file (type png)
<use ../pics/blast.png>
Package pdftex.def Info: ../pics/blast.png  used on input line 209.
(pdftex.def)             Requested size: 256.07741pt x 77.2123pt.
 [9 <../pics/blast.png>]
Overfull \hbox (8.28403pt too wide) in paragraph at lines 220--221
[]\T2A/cmr/m/n/12 Система для ив-зле-че-ния му-та-ций опи-са-на в [[]] и на-зы-
ва-ет-ся \T2A/cmr/m/it/12 MutationFinder\T2A/cmr/m/n/12 .
 []

[10] [11] [12]
<../pics/rnn.png, id=229, 1276.77pt x 672.5125pt>
File: ../pics/rnn.png Graphic file (type png)
<use ../pics/rnn.png>
Package pdftex.def Info: ../pics/rnn.png  used on input line 257.
(pdftex.def)             Requested size: 230.04437pt x 121.17017pt.

Overfull \hbox (20.91428pt too wide) in paragraph at lines 257--257
 [] 
 []

<../pics/lstm.png, id=231, 550.30594pt x 406.51875pt>
File: ../pics/lstm.png Graphic file (type png)
<use ../pics/lstm.png>
Package pdftex.def Info: ../pics/lstm.png  used on input line 261.
(pdftex.def)             Requested size: 163.12122pt x 120.49886pt.
<../pics/bilstm.png, id=233, 591.20876pt x 212.29312pt>
File: ../pics/bilstm.png Graphic file (type png)
<use ../pics/bilstm.png>
Package pdftex.def Info: ../pics/bilstm.png  used on input line 290.
(pdftex.def)             Requested size: 256.07741pt x 91.9548pt.
[13 <../pics/rnn.png> <../pics/lstm.png>]
<../pics/crf.png, id=245, 492.84125pt x 241.90375pt>
File: ../pics/crf.png Graphic file (type png)
<use ../pics/crf.png>
Package pdftex.def Info: ../pics/crf.png  used on input line 305.
(pdftex.def)             Requested size: 213.39568pt x 104.74373pt.


LaTeX Warning: `h' float specifier changed to `ht'.

[14 <../pics/bilstm.png>]
<../pics/GMNet.png, id=257, 847.165pt x 412.54124pt>
File: ../pics/GMNet.png Graphic file (type png)
<use ../pics/GMNet.png>
Package pdftex.def Info: ../pics/GMNet.png  used on input line 324.
(pdftex.def)             Requested size: 341.43437pt x 166.26625pt.


LaTeX Warning: `h' float specifier changed to `ht'.

[15 <../pics/crf.png>] [16 <../pics/GMNet.png>] [17]
<../pics/final_loss.png, id=286, 608.2725pt x 426.59375pt>
File: ../pics/final_loss.png Graphic file (type png)
<use ../pics/final_loss.png>
Package pdftex.def Info: ../pics/final_loss.png  used on input line 405.
(pdftex.def)             Requested size: 298.75264pt x 209.52747pt.

Underfull \hbox (badness 10000) in paragraph at lines 410--414

 []


Underfull \hbox (badness 10000) in paragraph at lines 410--414

 []


Underfull \hbox (badness 10000) in paragraph at lines 410--414

 []

<../pics/final_f.png, id=287, 608.2725pt x 427.5975pt>
File: ../pics/final_f.png Graphic file (type png)
<use ../pics/final_f.png>
Package pdftex.def Info: ../pics/final_f.png  used on input line 416.
(pdftex.def)             Requested size: 298.75264pt x 210.02048pt.

LaTeX Warning: `h' float specifier changed to `ht'.

[18 <../pics/final_loss.png>] [19 <../pics/final_f.png>]
<../pics/results.png, id=304, 302.3295pt x 195.73125pt>
File: ../pics/results.png Graphic file (type png)
<use ../pics/results.png>
Package pdftex.def Info: ../pics/results.png  used on input line 464.
(pdftex.def)             Requested size: 298.75264pt x 193.42508pt.
<../pics/results2.png, id=305, 330.033pt x 200.54926pt>
File: ../pics/results2.png Graphic file (type png)
<use ../pics/results2.png>
Package pdftex.def Info: ../pics/results2.png  used on input line 468.
(pdftex.def)             Requested size: 298.75264pt x 181.53922pt.
 [20 <../pics/results.png> <../pics/results2.png>] [21] (Sotnikov2020BcSThesis.
bbl
LaTeX Font Info:    Trying to load font information for T2A+cmtt on input line 
19.

("C:\Users\Anton Sotnikov\AppData\Local\Programs\MiKTeX 2.9\tex/latex/cyrillic\
t2acmtt.fd"
File: t2acmtt.fd 2001/08/11 v1.0a Computer Modern Cyrillic font definitions
)
Underfull \hbox (badness 7168) in paragraph at lines 12--20
[]\T2A/cmr/m/n/12 BERT: Pre-training of deep bidirectional transformers for lan
guage
 []


Underfull \hbox (badness 2809) in paragraph at lines 23--27
[]\T2A/cmr/m/n/12 BioBERT: a pre-trained biomedical language representation mod
el for
 []

[22]
Underfull \hbox (badness 5862) in paragraph at lines 104--109
[]\T2A/cmr/m/n/12 HUNER: improving biomedical NER with pretraining / L. Weber,
 []


Underfull \hbox (badness 3590) in paragraph at lines 151--156
[]\T2A/cmr/m/it/12 Padurariu C., Breaban M. E. \T2A/cmr/m/n/12 Dealing with dat
a imbalance in text
 []


Underfull \hbox (badness 2237) in paragraph at lines 179--184
[]\T2A/cmr/m/n/12 SETH detects and normalizes genetic variants in text / P. Tho
mas,
 []

[23]
Underfull \hbox (badness 2237) in paragraph at lines 187--192
[]\T2A/cmr/m/n/12 SETH detects and normalizes genetic variants in text / P. Tho
mas,
 []

)
Package atveryend Info: Empty hook `BeforeClearDocument' on input line 498.
 [24]
Package atveryend Info: Empty hook `AfterLastShipout' on input line 498.
 (Sotnikov2020BcSThesis.aux)
Package atveryend Info: Executing hook `AtVeryEndDocument' on input line 498.
Package atveryend Info: Executing hook `AtEndAfterFileList' on input line 498.
Package rerunfilecheck Info: File `Sotnikov2020BcSThesis.out' has not changed.
(rerunfilecheck)             Checksum: C333B3FA511DBD3808F4F8556B512DB5;4632.
Package atveryend Info: Empty hook `AtVeryVeryEnd' on input line 498.
 ) 
Here is how much of TeX's memory you used:
 16005 strings out of 480756
 230714 string characters out of 2889445
 533913 words of memory out of 3000000
 31568 multiletter control sequences out of 15000+200000
 560763 words of font info for 83 fonts, out of 3000000 for 9000
 1141 hyphenation exceptions out of 8191
 46i,14n,47p,3252b,485s stack positions out of 5000i,500n,10000p,200000b,50000s
 <C:\Users\Anton Sotnikov\AppData\Local\MiKTeX\2.9\fonts/pk/ljfour/lh/lh-t2a/
dpi600\latt1200.pk> <C:\Users\Anton Sotnikov\AppData\Local\MiKTeX\2.9\fonts/pk/
ljfour/lh/lh-t2a/dpi600\lasx1200.pk> <C:\Users\Anton Sotnikov\AppData\Local\MiK
TeX\2.9\fonts/pk/ljfour/lh/lh-t2a/dpi600\lasx1440.pk> <C:\Users\Anton Sotnikov\
AppData\Local\MiKTeX\2.9\fonts/pk/ljfour/lh/lh-t2a/dpi600\lacc1200.pk> <C:\User
s\Anton Sotnikov\AppData\Local\MiKTeX\2.9\fonts/pk/ljfour/jknappen/ec/dpi600\tc
rm1200.pk> <C:\Users\Anton Sotnikov\AppData\Local\MiKTeX\2.9\fonts/pk/ljfour/lh
/lh-t2a/dpi600\lati1200.pk> <C:\Users\Anton Sotnikov\AppData\Local\MiKTeX\2.9\f
onts/pk/ljfour/lh/lh-t2a/dpi600\lasx1728.pk> <C:\Users\Anton Sotnikov\AppData\L
ocal\MiKTeX\2.9\fonts/pk/ljfour/lh/lh-t2a/dpi600\lati1095.pk> <C:\Users\Anton S
otnikov\AppData\Local\MiKTeX\2.9\fonts/pk/ljfour/lh/lh-t2a/dpi600\larm1095.pk> 
<C:\Users\Anton Sotnikov\AppData\Local\MiKTeX\2.9\fonts/pk/ljfour/lh/lh-t2a/dpi
600\labx1095.pk> <C:\Users\Anton Sotnikov\AppData\Local\MiKTeX\2.9\fonts/pk/ljf
our/lh/lh-t2a/dpi600\labx1200.pk> <C:\Users\Anton Sotnikov\AppData\Local\MiKTeX
\2.9\fonts/pk/ljfour/lh/lh-t2a/dpi600\labx1728.pk> <C:\Users\Anton Sotnikov\App
Data\Local\MiKTeX\2.9\fonts/pk/ljfour/lh/lh-t2a/dpi600\larm1200.pk><C:/Users/An
ton Sotnikov/AppData/Local/Programs/MiKTeX 2.9/fonts/type1/public/amsfonts/cm/c
mbx12.pfb><C:/Users/Anton Sotnikov/AppData/Local/Programs/MiKTeX 2.9/fonts/type
1/public/amsfonts/cm/cmbx6.pfb><C:/Users/Anton Sotnikov/AppData/Local/Programs/
MiKTeX 2.9/fonts/type1/public/amsfonts/cm/cmbx8.pfb><C:/Users/Anton Sotnikov/Ap
pData/Local/Programs/MiKTeX 2.9/fonts/type1/public/amsfonts/cm/cmex10.pfb><C:/U
sers/Anton Sotnikov/AppData/Local/Programs/MiKTeX 2.9/fonts/type1/public/amsfon
ts/cm/cmmi12.pfb><C:/Users/Anton Sotnikov/AppData/Local/Programs/MiKTeX 2.9/fon
ts/type1/public/amsfonts/cm/cmmi6.pfb><C:/Users/Anton Sotnikov/AppData/Local/Pr
ograms/MiKTeX 2.9/fonts/type1/public/amsfonts/cm/cmmi8.pfb><C:/Users/Anton Sotn
ikov/AppData/Local/Programs/MiKTeX 2.9/fonts/type1/public/amsfonts/cm/cmr12.pfb
><C:/Users/Anton Sotnikov/AppData/Local/Programs/MiKTeX 2.9/fonts/type1/public/
amsfonts/cm/cmr6.pfb><C:/Users/Anton Sotnikov/AppData/Local/Programs/MiKTeX 2.9
/fonts/type1/public/amsfonts/cm/cmr8.pfb><C:/Users/Anton Sotnikov/AppData/Local
/Programs/MiKTeX 2.9/fonts/type1/public/amsfonts/cm/cmsy10.pfb><C:/Users/Anton 
Sotnikov/AppData/Local/Programs/MiKTeX 2.9/fonts/type1/public/amsfonts/cm/cmsy6
.pfb><C:/Users/Anton Sotnikov/AppData/Local/Programs/MiKTeX 2.9/fonts/type1/pub
lic/amsfonts/cm/cmsy8.pfb><C:/Users/Anton Sotnikov/AppData/Local/Programs/MiKTe
X 2.9/fonts/type1/public/amsfonts/cm/cmti12.pfb><C:/Users/Anton Sotnikov/AppDat
a/Local/Programs/MiKTeX 2.9/fonts/type1/public/amsfonts/cm/cmti8.pfb><C:/Users/
Anton Sotnikov/AppData/Local/Programs/MiKTeX 2.9/fonts/type1/public/amsfonts/sy
mbols/msbm10.pfb>
Output written on Sotnikov2020BcSThesis.pdf (24 pages, 919151 bytes).
PDF statistics:
 1011 PDF objects out of 1200 (max. 8388607)
 90 named destinations out of 1000 (max. 500000)
 231 words of extra memory for PDF output out of 10000 (max. 10000000)

